No.	Time	Source	Destination	Protocol	Length	Info
1	0.000000	1.2.1	host	USBMS	40
2	0.000026	host	1.2.2	USBMS	58	SCSI Command: 0xf5 LUN:0x00
3	0.000076	1.2.2	host	USB	27	URB_BULK out
4	0.000078	host	1.2.2	USB	57627	URB_BULK out
5	0.001367	1.2.2	host	USB	27	URB_BULK out
6	0.001368	host	1.2.1	USB	27	URB_BULK in
7	0.002717	1.2.1	host	USBMS	40
8	0.002728	host	1.2.2	USBMS	58	SCSI Command: 0xf5 LUN:0x00
9	0.002777	1.2.2	host	USB	27	URB_BULK out
10	0.002778	host	1.2.2	USB	57627	URB_BULK out
11	0.004693	1.2.2	host	USB	27	URB_BULK out
12	0.004694	host	1.2.1	USB	27	URB_BULK in
13	0.006009	1.2.1	host	USBMS	40
14	0.006019	host	1.2.2	USBMS	58	SCSI Command: 0xf5 LUN:0x00
15	0.006062	1.2.2	host	USB	27	URB_BULK out
16	0.006062	host	1.2.2	USB	38427	URB_BULK out
17	0.007645	1.2.2	host	USB	27	URB_BULK out
18	0.007650	host	1.2.1	USB	27	URB_BULK in
19	0.026561	1.2.1	host	USBMS	40
20	0.026574	host	1.2.2	USBMS	58	SCSI Inquiry LUN: 0x00
21	0.026622	1.2.2	host	USB	27	URB_BULK out
22	0.026623	host	1.2.1	USB	27	URB_BULK in
23	0.026801	1.2.1	host	USB	63	URB_BULK in
24	0.026803	host	1.2.1	USB	27	URB_BULK in
25	0.026853	1.2.1	host	USBMS	40
26	0.026881	host	1.2.2	USBMS	58	SCSI Command: 0xf5 LUN:0x00
27	0.026924	1.2.2	host	USB	27	URB_BULK out
28	0.026925	host	1.2.1	USB	27	URB_BULK in
29	0.027629	1.2.1	host	USB	39	URB_BULK in
30	0.027631	host	1.2.1	USB	27	URB_BULK in
31	0.027689	1.2.1	host	USBMS	40
32	0.048606	host	1.2.2	USBMS	58	SCSI Command: 0xf5 LUN:0x00
33	0.048685	1.2.2	host	USB	27	URB_BULK out
34	0.048687	host	1.2.2	USB	57627	URB_BULK out
35	0.050324	1.2.2	host	USB	27	URB_BULK out
36	0.050336	host	1.2.1	USB	27	URB_BULK in
37	0.051698	1.2.1	host	USBMS	40
38	0.051733	host	1.2.2	USBMS	58	SCSI Command: 0xf5 LUN:0x00
39	0.051783	1.2.2	host	USB	27	URB_BULK out
40	0.051785	host	1.2.2	USB	57627	URB_BULK out
41	0.053630	1.2.2	host	USB	27	URB_BULK out
42	0.053642	host	1.2.1	USB	27	URB_BULK in
43	0.055071	1.2.1	host	USBMS	40
44	0.055096	host	1.2.2	USBMS	58	SCSI Command: 0xf5 LUN:0x00
45	0.055145	1.2.2	host	USB	27	URB_BULK out
46	0.055147	host	1.2.2	USB	38427	URB_BULK out
47	0.056611	1.2.2	host	USB	27	URB_BULK out
48	0.056617	host	1.2.1	USB	27	URB_BULK in
49	0.075546	1.2.1	host	USBMS	40
50	0.100980	host	1.2.2	USBMS	58	SCSI Command: 0xf5 LUN:0x00
51	0.101059	1.2.2	host	USB	27	URB_BULK out
52	0.101062	host	1.2.2	USB	57627	URB_BULK out
53	0.102698	1.2.2	host	USB	27	URB_BULK out
54	0.102709	host	1.2.1	USB	27	URB_BULK in
55	0.104006	1.2.1	host	USBMS	40
56	0.104029	host	1.2.2	USBMS	58	SCSI Command: 0xf5 LUN:0x00
57	0.104075	1.2.2	host	USB	27	URB_BULK out
58	0.104076	host	1.2.2	USB	57627	URB_BULK out
59	0.105971	1.2.2	host	USB	27	URB_BULK out
60	0.105982	host	1.2.1	USB	27	URB_BULK in
61	0.107363	1.2.1	host	USBMS	40
62	0.107395	host	1.2.2	USBMS	58	SCSI Command: 0xf5 LUN:0x00
63	0.107445	1.2.2	host	USB	27	URB_BULK out
64	0.107446	host	1.2.2	USB	38427	URB_BULK out
65	0.108928	1.2.2	host	USB	27	URB_BULK out
66	0.108935	host	1.2.1	USB	27	URB_BULK in
67	0.127858	1.2.1	host	USBMS	40
68	0.142073	host	1.2.2	USBMS	58	SCSI Command: 0xf5 LUN:0x00
69	0.142139	1.2.2	host	USB	27	URB_BULK out
70	0.142141	host	1.2.2	USB	57627	URB_BULK out
71	0.144133	1.2.2	host	USB	27	URB_BULK out
72	0.144145	host	1.2.1	USB	27	URB_BULK in
73	0.145516	1.2.1	host	USBMS	40
74	0.145546	host	1.2.2	USBMS	58	SCSI Command: 0xf5 LUN:0x00
75	0.145595	1.2.2	host	USB	27	URB_BULK out
76	0.145596	host	1.2.2	USB	57627	URB_BULK out
77	0.147431	1.2.2	host	USB	27	URB_BULK out
78	0.147441	host	1.2.1	USB	27	URB_BULK in
79	0.148818	1.2.1	host	USBMS	40
80	0.148847	host	1.2.2	USBMS	58	SCSI Command: 0xf5 LUN:0x00
81	0.148898	1.2.2	host	USB	27	URB_BULK out
82	0.148900	host	1.2.2	USB	38427	URB_BULK out
83	0.150449	1.2.2	host	USB	27	URB_BULK out
84	0.150454	host	1.2.1	USB	27	URB_BULK in
85	0.169354	1.2.1	host	USBMS	40
86	0.169377	host	1.2.2	USBMS	58	SCSI Command: 0xf5 LUN:0x00
87	0.169433	1.2.2	host	USB	27	URB_BULK out
88	0.169436	host	1.2.2	USB	57627	URB_BULK out
89	0.170702	1.2.2	host	USB	27	URB_BULK out
90	0.170703	host	1.2.1	USB	27	URB_BULK in
91	0.172084	1.2.1	host	USBMS	40
92	0.172104	host	1.2.2	USBMS	58	SCSI Command: 0xf5 LUN:0x00
93	0.172159	1.2.2	host	USB	27	URB_BULK out
94	0.172162	host	1.2.2	USB	57627	URB_BULK out
95	0.174041	1.2.2	host	USB	27	URB_BULK out
96	0.174047	host	1.2.1	USB	27	URB_BULK in
97	0.175386	1.2.1	host	USBMS	40
98	0.175404	host	1.2.2	USBMS	58	SCSI Command: 0xf5 LUN:0x00
99	0.175458	1.2.2	host	USB	27	URB_BULK out
100	0.175459	host	1.2.2	USB	38427	URB_BULK out
101	0.177006	1.2.2	host	USB	27	URB_BULK out
102	0.177011	host	1.2.1	USB	27	URB_BULK in
103	0.195927	1.2.1	host	USBMS	40
104	0.230578	host	1.2.2	USBMS	58	SCSI Command: 0xf5 LUN:0x00
105	0.230665	1.2.2	host	USB	27	URB_BULK out
106	0.230668	host	1.2.2	USB	57627	URB_BULK out
107	0.232175	1.2.2	host	USB	27	URB_BULK out
108	0.232176	host	1.2.1	USB	27	URB_BULK in
109	0.233589	1.2.1	host	USBMS	40
110	0.233623	host	1.2.2	USBMS	58	SCSI Command: 0xf5 LUN:0x00
111	0.233676	1.2.2	host	USB	27	URB_BULK out
112	0.233678	host	1.2.2	USB	57627	URB_BULK out
113	0.235495	1.2.2	host	USB	27	URB_BULK out
114	0.235505	host	1.2.1	USB	27	URB_BULK in
115	0.236824	1.2.1	host	USBMS	40
116	0.236851	host	1.2.2	USBMS	58	SCSI Command: 0xf5 LUN:0x00
117	0.236908	1.2.2	host	USB	27	URB_BULK out
118	0.236910	host	1.2.2	USB	38427	URB_BULK out
119	0.238424	1.2.2	host	USB	27	URB_BULK out
120	0.238435	host	1.2.1	USB	27	URB_BULK in
121	0.257362	1.2.1	host	USBMS	40
122	0.269646	host	1.2.2	USBMS	58	SCSI Command: 0xf5 LUN:0x00
123	0.269724	1.2.2	host	USB	27	URB_BULK out
124	0.269727	host	1.2.2	USB	57627	URB_BULK out
125	0.271131	1.2.2	host	USB	27	URB_BULK out
126	0.271133	host	1.2.1	USB	27	URB_BULK in
127	0.272550	1.2.1	host	USBMS	40
128	0.272579	host	1.2.2	USBMS	58	SCSI Command: 0xf5 LUN:0x00
129	0.272648	1.2.2	host	USB	27	URB_BULK out
130	0.272649	host	1.2.2	USB	57627	URB_BULK out
131	0.274581	1.2.2	host	USB	27	URB_BULK out
132	0.274586	host	1.2.1	USB	27	URB_BULK in
133	0.275836	1.2.1	host	USBMS	40
